Determining if the pthread_create exist failed with the following output:
Change Dir: /home/zdh/apriltag_ws/build_isolated/apriltag/devel/CMakeFiles/CMakeTmp

Run Build Command:"/usr/bin/make" "cmTC_be539/fast"
/usr/bin/make -f CMakeFiles/cmTC_be539.dir/build.make CMakeFiles/cmTC_be539.dir/build
make[1]: Entering directory '/home/zdh/apriltag_ws/build_isolated/apriltag/devel/CMakeFiles/CMakeTmp'
Building C object CMakeFiles/cmTC_be539.dir/CheckSymbolExists.c.o
/usr/bin/cc     -o CMakeFiles/cmTC_be539.dir/CheckSymbolExists.c.o   -c /home/zdh/apriltag_ws/build_isolated/apriltag/devel/CMakeFiles/CMakeTmp/CheckSymbolExists.c
Linking C executable cmTC_be539
/usr/bin/cmake -E cmake_link_script CMakeFiles/cmTC_be539.dir/link.txt --verbose=1
/usr/bin/cc       CMakeFiles/cmTC_be539.dir/CheckSymbolExists.c.o  -o cmTC_be539 -rdynamic 
CMakeFiles/cmTC_be539.dir/CheckSymbolExists.c.o：在函数‘main’中：
CheckSymbolExists.c:(.text+0x16)：对‘pthread_create’未定义的引用
collect2: error: ld returned 1 exit status
CMakeFiles/cmTC_be539.dir/build.make:97: recipe for target 'cmTC_be539' failed
make[1]: *** [cmTC_be539] Error 1
make[1]: Leaving directory '/home/zdh/apriltag_ws/build_isolated/apriltag/devel/CMakeFiles/CMakeTmp'
Makefile:126: recipe for target 'cmTC_be539/fast' failed
make: *** [cmTC_be539/fast] Error 2

File /home/zdh/apriltag_ws/build_isolated/apriltag/devel/CMakeFiles/CMakeTmp/CheckSymbolExists.c:
/* */
#include <pthread.h>

int main(int argc, char** argv)
{
  (void)argv;
#ifndef pthread_create
  return ((int*)(&pthread_create))[argc];
#else
  (void)argc;
  return 0;
#endif
}

Determining if the function pthread_create exists in the pthreads failed with the following output:
Change Dir: /home/zdh/apriltag_ws/build_isolated/apriltag/devel/CMakeFiles/CMakeTmp

Run Build Command:"/usr/bin/make" "cmTC_8889c/fast"
/usr/bin/make -f CMakeFiles/cmTC_8889c.dir/build.make CMakeFiles/cmTC_8889c.dir/build
make[1]: Entering directory '/home/zdh/apriltag_ws/build_isolated/apriltag/devel/CMakeFiles/CMakeTmp'
Building C object CMakeFiles/cmTC_8889c.dir/CheckFunctionExists.c.o
/usr/bin/cc    -DCHECK_FUNCTION_EXISTS=pthread_create   -o CMakeFiles/cmTC_8889c.dir/CheckFunctionExists.c.o   -c /usr/share/cmake-3.5/Modules/CheckFunctionExists.c
Linking C executable cmTC_8889c
/usr/bin/cmake -E cmake_link_script CMakeFiles/cmTC_8889c.dir/link.txt --verbose=1
/usr/bin/cc   -DCHECK_FUNCTION_EXISTS=pthread_create    CMakeFiles/cmTC_8889c.dir/CheckFunctionExists.c.o  -o cmTC_8889c -rdynamic -lpthreads 
/usr/bin/ld: 找不到 -lpthreads
collect2: error: ld returned 1 exit status
CMakeFiles/cmTC_8889c.dir/build.make:97: recipe for target 'cmTC_8889c' failed
make[1]: *** [cmTC_8889c] Error 1
make[1]: Leaving directory '/home/zdh/apriltag_ws/build_isolated/apriltag/devel/CMakeFiles/CMakeTmp'
Makefile:126: recipe for target 'cmTC_8889c/fast' failed
make: *** [cmTC_8889c/fast] Error 2


